<?xml version="1.0" encoding="UTF-8"?>
<testsuite xmlns:xsi="http://www.w3.org/2001/XMLSchema-instance" xsi:noNamespaceSchemaLocation="https://maven.apache.org/surefire/maven-surefire-plugin/xsd/surefire-test-report-3.0.xsd" version="3.0" name="secxndary_framework.test.OzByTest" time="211.669" tests="8" errors="0" skipped="0" failures="4">
  <properties>
    <property name="java.specification.version" value="17"/>
    <property name="webdriver.chrome.driver" value="C:\Users\valda\.m2\repository\webdriver\chromedriver\win32\107.0.5304.62\chromedriver.exe"/>
    <property name="sun.cpu.isalist" value="amd64"/>
    <property name="sun.jnu.encoding" value="Cp1251"/>
    <property name="java.class.path" value="C:\Users\valda\source\repos\semester#5\НПО\NPO_Lab11\Selenium-WebDriver\target\test-classes;C:\Users\valda\source\repos\semester#5\НПО\NPO_Lab11\Selenium-WebDriver\target\classes;C:\Users\valda\.m2\repository\org\seleniumhq\selenium\selenium-java\3.13.0\selenium-java-3.13.0.jar;C:\Users\valda\.m2\repository\org\seleniumhq\selenium\selenium-api\3.13.0\selenium-api-3.13.0.jar;C:\Users\valda\.m2\repository\org\seleniumhq\selenium\selenium-chrome-driver\3.13.0\selenium-chrome-driver-3.13.0.jar;C:\Users\valda\.m2\repository\org\seleniumhq\selenium\selenium-edge-driver\3.13.0\selenium-edge-driver-3.13.0.jar;C:\Users\valda\.m2\repository\org\seleniumhq\selenium\selenium-firefox-driver\3.13.0\selenium-firefox-driver-3.13.0.jar;C:\Users\valda\.m2\repository\org\seleniumhq\selenium\selenium-ie-driver\3.13.0\selenium-ie-driver-3.13.0.jar;C:\Users\valda\.m2\repository\org\seleniumhq\selenium\selenium-opera-driver\3.13.0\selenium-opera-driver-3.13.0.jar;C:\Users\valda\.m2\repository\org\seleniumhq\selenium\selenium-remote-driver\3.13.0\selenium-remote-driver-3.13.0.jar;C:\Users\valda\.m2\repository\org\seleniumhq\selenium\selenium-safari-driver\3.13.0\selenium-safari-driver-3.13.0.jar;C:\Users\valda\.m2\repository\org\seleniumhq\selenium\selenium-support\3.13.0\selenium-support-3.13.0.jar;C:\Users\valda\.m2\repository\net\bytebuddy\byte-buddy\1.8.3\byte-buddy-1.8.3.jar;C:\Users\valda\.m2\repository\org\apache\commons\commons-exec\1.3\commons-exec-1.3.jar;C:\Users\valda\.m2\repository\commons-codec\commons-codec\1.10\commons-codec-1.10.jar;C:\Users\valda\.m2\repository\commons-logging\commons-logging\1.2\commons-logging-1.2.jar;C:\Users\valda\.m2\repository\com\google\code\gson\gson\2.8.4\gson-2.8.4.jar;C:\Users\valda\.m2\repository\com\google\guava\guava\25.0-jre\guava-25.0-jre.jar;C:\Users\valda\.m2\repository\com\google\code\findbugs\jsr305\1.3.9\jsr305-1.3.9.jar;C:\Users\valda\.m2\repository\org\checkerframework\checker-compat-qual\2.0.0\checker-compat-qual-2.0.0.jar;C:\Users\valda\.m2\repository\com\google\errorprone\error_prone_annotations\2.1.3\error_prone_annotations-2.1.3.jar;C:\Users\valda\.m2\repository\com\google\j2objc\j2objc-annotations\1.1\j2objc-annotations-1.1.jar;C:\Users\valda\.m2\repository\org\codehaus\mojo\animal-sniffer-annotations\1.14\animal-sniffer-annotations-1.14.jar;C:\Users\valda\.m2\repository\org\apache\httpcomponents\httpclient\4.5.5\httpclient-4.5.5.jar;C:\Users\valda\.m2\repository\org\apache\httpcomponents\httpcore\4.4.9\httpcore-4.4.9.jar;C:\Users\valda\.m2\repository\com\squareup\okhttp3\okhttp\3.10.0\okhttp-3.10.0.jar;C:\Users\valda\.m2\repository\com\squareup\okio\okio\1.14.1\okio-1.14.1.jar;C:\Users\valda\.m2\repository\org\testng\testng\6.14.3\testng-6.14.3.jar;C:\Users\valda\.m2\repository\com\beust\jcommander\1.72\jcommander-1.72.jar;C:\Users\valda\.m2\repository\org\apache-extras\beanshell\bsh\2.0b6\bsh-2.0b6.jar;C:\Users\valda\.m2\repository\io\github\bonigarcia\webdrivermanager\3.3.0\webdrivermanager-3.3.0.jar;C:\Users\valda\.m2\repository\org\slf4j\slf4j-api\1.7.25\slf4j-api-1.7.25.jar;C:\Users\valda\.m2\repository\org\apache\commons\commons-lang3\3.8.1\commons-lang3-3.8.1.jar;C:\Users\valda\.m2\repository\org\rauschig\jarchivelib\1.0.0\jarchivelib-1.0.0.jar;C:\Users\valda\.m2\repository\org\apache\commons\commons-compress\1.18\commons-compress-1.18.jar;C:\Users\valda\.m2\repository\org\jsoup\jsoup\1.11.3\jsoup-1.11.3.jar;C:\Users\valda\.m2\repository\org\hamcrest\hamcrest\2.1\hamcrest-2.1.jar;C:\Users\valda\.m2\repository\commons-io\commons-io\2.6\commons-io-2.6.jar;C:\Users\valda\.m2\repository\org\apache\logging\log4j\log4j-api\2.11.1\log4j-api-2.11.1.jar;C:\Users\valda\.m2\repository\org\apache\logging\log4j\log4j-core\2.11.1\log4j-core-2.11.1.jar;"/>
    <property name="java.vm.vendor" value="Oracle Corporation"/>
    <property name="sun.arch.data.model" value="64"/>
    <property name="user.variant" value=""/>
    <property name="java.vendor.url" value="https://java.oracle.com/"/>
    <property name="user.timezone" value="Europe/Minsk"/>
    <property name="os.name" value="Windows 10"/>
    <property name="java.vm.specification.version" value="17"/>
    <property name="sun.java.launcher" value="SUN_STANDARD"/>
    <property name="user.country" value="RU"/>
    <property name="sun.boot.library.path" value="C:\Program Files\Java\jdk-17.0.2\bin"/>
    <property name="sun.java.command" value="C:\Users\valda\AppData\Local\Temp\surefire17615702319484592825\surefirebooter-20221222094217411_3.jar C:\Users\valda\AppData\Local\Temp\surefire17615702319484592825 2022-12-22T09-42-12_303-jvmRun1 surefire-20221222094217411_1tmp surefire_0-20221222094217411_2tmp"/>
    <property name="jdk.debug" value="release"/>
    <property name="surefire.test.class.path" value="C:\Users\valda\source\repos\semester#5\НПО\NPO_Lab11\Selenium-WebDriver\target\test-classes;C:\Users\valda\source\repos\semester#5\НПО\NPO_Lab11\Selenium-WebDriver\target\classes;C:\Users\valda\.m2\repository\org\seleniumhq\selenium\selenium-java\3.13.0\selenium-java-3.13.0.jar;C:\Users\valda\.m2\repository\org\seleniumhq\selenium\selenium-api\3.13.0\selenium-api-3.13.0.jar;C:\Users\valda\.m2\repository\org\seleniumhq\selenium\selenium-chrome-driver\3.13.0\selenium-chrome-driver-3.13.0.jar;C:\Users\valda\.m2\repository\org\seleniumhq\selenium\selenium-edge-driver\3.13.0\selenium-edge-driver-3.13.0.jar;C:\Users\valda\.m2\repository\org\seleniumhq\selenium\selenium-firefox-driver\3.13.0\selenium-firefox-driver-3.13.0.jar;C:\Users\valda\.m2\repository\org\seleniumhq\selenium\selenium-ie-driver\3.13.0\selenium-ie-driver-3.13.0.jar;C:\Users\valda\.m2\repository\org\seleniumhq\selenium\selenium-opera-driver\3.13.0\selenium-opera-driver-3.13.0.jar;C:\Users\valda\.m2\repository\org\seleniumhq\selenium\selenium-remote-driver\3.13.0\selenium-remote-driver-3.13.0.jar;C:\Users\valda\.m2\repository\org\seleniumhq\selenium\selenium-safari-driver\3.13.0\selenium-safari-driver-3.13.0.jar;C:\Users\valda\.m2\repository\org\seleniumhq\selenium\selenium-support\3.13.0\selenium-support-3.13.0.jar;C:\Users\valda\.m2\repository\net\bytebuddy\byte-buddy\1.8.3\byte-buddy-1.8.3.jar;C:\Users\valda\.m2\repository\org\apache\commons\commons-exec\1.3\commons-exec-1.3.jar;C:\Users\valda\.m2\repository\commons-codec\commons-codec\1.10\commons-codec-1.10.jar;C:\Users\valda\.m2\repository\commons-logging\commons-logging\1.2\commons-logging-1.2.jar;C:\Users\valda\.m2\repository\com\google\code\gson\gson\2.8.4\gson-2.8.4.jar;C:\Users\valda\.m2\repository\com\google\guava\guava\25.0-jre\guava-25.0-jre.jar;C:\Users\valda\.m2\repository\com\google\code\findbugs\jsr305\1.3.9\jsr305-1.3.9.jar;C:\Users\valda\.m2\repository\org\checkerframework\checker-compat-qual\2.0.0\checker-compat-qual-2.0.0.jar;C:\Users\valda\.m2\repository\com\google\errorprone\error_prone_annotations\2.1.3\error_prone_annotations-2.1.3.jar;C:\Users\valda\.m2\repository\com\google\j2objc\j2objc-annotations\1.1\j2objc-annotations-1.1.jar;C:\Users\valda\.m2\repository\org\codehaus\mojo\animal-sniffer-annotations\1.14\animal-sniffer-annotations-1.14.jar;C:\Users\valda\.m2\repository\org\apache\httpcomponents\httpclient\4.5.5\httpclient-4.5.5.jar;C:\Users\valda\.m2\repository\org\apache\httpcomponents\httpcore\4.4.9\httpcore-4.4.9.jar;C:\Users\valda\.m2\repository\com\squareup\okhttp3\okhttp\3.10.0\okhttp-3.10.0.jar;C:\Users\valda\.m2\repository\com\squareup\okio\okio\1.14.1\okio-1.14.1.jar;C:\Users\valda\.m2\repository\org\testng\testng\6.14.3\testng-6.14.3.jar;C:\Users\valda\.m2\repository\com\beust\jcommander\1.72\jcommander-1.72.jar;C:\Users\valda\.m2\repository\org\apache-extras\beanshell\bsh\2.0b6\bsh-2.0b6.jar;C:\Users\valda\.m2\repository\io\github\bonigarcia\webdrivermanager\3.3.0\webdrivermanager-3.3.0.jar;C:\Users\valda\.m2\repository\org\slf4j\slf4j-api\1.7.25\slf4j-api-1.7.25.jar;C:\Users\valda\.m2\repository\org\apache\commons\commons-lang3\3.8.1\commons-lang3-3.8.1.jar;C:\Users\valda\.m2\repository\org\rauschig\jarchivelib\1.0.0\jarchivelib-1.0.0.jar;C:\Users\valda\.m2\repository\org\apache\commons\commons-compress\1.18\commons-compress-1.18.jar;C:\Users\valda\.m2\repository\org\jsoup\jsoup\1.11.3\jsoup-1.11.3.jar;C:\Users\valda\.m2\repository\org\hamcrest\hamcrest\2.1\hamcrest-2.1.jar;C:\Users\valda\.m2\repository\commons-io\commons-io\2.6\commons-io-2.6.jar;C:\Users\valda\.m2\repository\org\apache\logging\log4j\log4j-api\2.11.1\log4j-api-2.11.1.jar;C:\Users\valda\.m2\repository\org\apache\logging\log4j\log4j-core\2.11.1\log4j-core-2.11.1.jar;"/>
    <property name="sun.cpu.endian" value="little"/>
    <property name="user.home" value="C:\Users\valda"/>
    <property name="user.language" value="ru"/>
    <property name="java.specification.vendor" value="Oracle Corporation"/>
    <property name="java.version.date" value="2022-01-18"/>
    <property name="java.home" value="C:\Program Files\Java\jdk-17.0.2"/>
    <property name="file.separator" value="\"/>
    <property name="basedir" value="C:\Users\valda\source\repos\semester#5\НПО\NPO_Lab11\Selenium-WebDriver"/>
    <property name="java.vm.compressedOopsMode" value="Zero based"/>
    <property name="line.separator" value="&#10;"/>
    <property name="java.vm.specification.vendor" value="Oracle Corporation"/>
    <property name="java.specification.name" value="Java Platform API Specification"/>
    <property name="surefire.real.class.path" value="C:\Users\valda\AppData\Local\Temp\surefire17615702319484592825\surefirebooter-20221222094217411_3.jar"/>
    <property name="user.script" value=""/>
    <property name="sun.management.compiler" value="HotSpot 64-Bit Tiered Compilers"/>
    <property name="java.runtime.version" value="17.0.2+8-LTS-86"/>
    <property name="user.name" value="secxndary"/>
    <property name="path.separator" value=";"/>
    <property name="os.version" value="10.0"/>
    <property name="java.runtime.name" value="Java(TM) SE Runtime Environment"/>
    <property name="file.encoding" value="Cp1251"/>
    <property name="browser" value="chrome"/>
    <property name="java.vm.name" value="Java HotSpot(TM) 64-Bit Server VM"/>
    <property name="localRepository" value="C:\Users\valda\.m2\repository"/>
    <property name="java.vendor.url.bug" value="https://bugreport.java.com/bugreport/"/>
    <property name="java.io.tmpdir" value="C:\Users\valda\AppData\Local\Temp\"/>
    <property name="java.version" value="17.0.2"/>
    <property name="user.dir" value="C:\Users\valda\source\repos\semester#5\НПО\NPO_Lab11\Selenium-WebDriver"/>
    <property name="os.arch" value="amd64"/>
    <property name="java.vm.specification.name" value="Java Virtual Machine Specification"/>
    <property name="sun.os.patch.level" value=""/>
    <property name="native.encoding" value="Cp1251"/>
    <property name="environment" value="dev"/>
    <property name="java.library.path" value="C:\Program Files\Java\jdk-17.0.2\bin;C:\Windows\Sun\Java\bin;C:\Windows\system32;C:\Windows;D:\Study\VMWare\bin\;%M2_HOME%\bin;C:\Windows\system32;C:\Windows;C:\Windows\System32\Wbem;C:\Program Files\Common Files\Oracle\Java\javapath;C:\Program Files\Microsoft\jdk-11.0.12.7-hotspot\bin;C:\Users\valda\source\repos\semester #4\STP_Labs\testServlet\maven-dir\apache-maven-3.8.5-bin;C:\Users\valda\source\repos\semester #4\STP_Labs\testServlet\maven-dir\apache-maven-3.8.5-bin\bin;C:\Program Files (x86)\Common Files\Oracle\Java\javapath;C:\Windows\System32\WindowsPowerShell\v1.0\;C:\Windows\System32\OpenSSH\;C:\Program Files (x86)\NVIDIA Corporation\PhysX\Common;C:\Program Files\NVIDIA Corporation\NVIDIA NvDLISR;C:\Program Files (x86)\QuickTime\QTSystem\;C:\Program Files\Git\cmd;C:\Program Files\Microsoft SQL Server\130\Tools\Binn\;C:\Program Files\Microsoft SQL Server\Client SDK\ODBC\170\Tools\Binn\;C:\Program Files\Microsoft SQL Server\150\Tools\Binn\;C:\Program Files\nodejs\;C:\Program Files (x86)\Microsoft SQL Server\150\Tools\Binn\;C:\Program Files\Microsoft SQL Server\150\DTS\Binn\;C:\Program Files (x86)\Microsoft SQL Server\150\DTS\Binn\;C:\Program Files\Azure Data Studio\bin;C:\Program Files\dotnet\;C:\Program Files\Docker\Docker\resources\bin;C:\ProgramData\DockerDesktop\version-bin;%MAVEN_HOME%\path;C:\Users\valda\AppData\Local\Microsoft\WindowsApps;C:\Users\valda\AppData\Local\Programs\Microsoft VS Code\bin;C:\Users\valda\AppData\Roaming\npm;C:\Program Files\Azure Data Studio\bin;C:\Users\valda\.dotnet\tools;D:\Study\PyCharm 2022.1.2\bin;C:\Users\valda\AppData\Local\JetBrains\Toolbox\scripts;C:\Users\valda\.dotnet\tools;C:\ChromeWebDriver;;."/>
    <property name="java.vm.info" value="mixed mode, sharing"/>
    <property name="java.vendor" value="Oracle Corporation"/>
    <property name="java.vm.version" value="17.0.2+8-LTS-86"/>
    <property name="sun.io.unicode.encoding" value="UnicodeLittle"/>
    <property name="java.class.version" value="61.0"/>
  </properties>
  <testcase name="AddressAdding_ShouldReturnError_WhenAddressIsNonExistent" classname="secxndary_framework.test.OzByTest" time="17.661">
    <failure message="element click intercepted: Element &lt;u&gt;...&lt;/u&gt; is not clickable at point (1380, 65). Other element would receive the click: &lt;div class=&quot;i-popup-login&quot;&gt;...&lt;/div&gt;&#10;  (Session info: chrome=107.0.5304.107)&#10;Build info: version: &apos;3.13.0&apos;, revision: &apos;2f0d292&apos;, time: &apos;2018-06-25T15:24:21.231Z&apos;&#10;System info: host: &apos;DESKTOP-8HNL9IM&apos;, ip: &apos;26.231.89.54&apos;, os.name: &apos;Windows 10&apos;, os.arch: &apos;amd64&apos;, os.version: &apos;10.0&apos;, java.version: &apos;17.0.2&apos;&#10;Driver info: org.openqa.selenium.chrome.ChromeDriver&#10;Capabilities {acceptInsecureCerts: false, browserName: chrome, browserVersion: 107.0.5304.107, chrome: {chromedriverVersion: 107.0.5304.62 (1eec40d3a576..., userDataDir: C:\Users\valda\AppData\Loca...}, goog:chromeOptions: {debuggerAddress: localhost:52440}, javascriptEnabled: true, networkConnectionEnabled: false, pageLoadStrategy: normal, platform: WINDOWS, platformName: WINDOWS, proxy: Proxy(), setWindowRect: true, strictFileInteractability: false, timeouts: {implicit: 0, pageLoad: 300000, script: 30000}, unhandledPromptBehavior: dismiss and notify, webauthn:extension:credBlob: true, webauthn:extension:largeBlob: true, webauthn:virtualAuthenticators: true}&#10;Session ID: ab2078b2b5ae8569108cf5aee5e8b7cd" type="org.openqa.selenium.ElementClickInterceptedException"><![CDATA[org.openqa.selenium.ElementClickInterceptedException: 
element click intercepted: Element <u>...</u> is not clickable at point (1380, 65). Other element would receive the click: <div class="i-popup-login">...</div>
  (Session info: chrome=107.0.5304.107)
Build info: version: '3.13.0', revision: '2f0d292', time: '2018-06-25T15:24:21.231Z'
System info: host: 'DESKTOP-8HNL9IM', ip: '26.231.89.54', os.name: 'Windows 10', os.arch: 'amd64', os.version: '10.0', java.version: '17.0.2'
Driver info: org.openqa.selenium.chrome.ChromeDriver
Capabilities {acceptInsecureCerts: false, browserName: chrome, browserVersion: 107.0.5304.107, chrome: {chromedriverVersion: 107.0.5304.62 (1eec40d3a576..., userDataDir: C:\Users\valda\AppData\Loca...}, goog:chromeOptions: {debuggerAddress: localhost:52440}, javascriptEnabled: true, networkConnectionEnabled: false, pageLoadStrategy: normal, platform: WINDOWS, platformName: WINDOWS, proxy: Proxy(), setWindowRect: true, strictFileInteractability: false, timeouts: {implicit: 0, pageLoad: 300000, script: 30000}, unhandledPromptBehavior: dismiss and notify, webauthn:extension:credBlob: true, webauthn:extension:largeBlob: true, webauthn:virtualAuthenticators: true}
Session ID: ab2078b2b5ae8569108cf5aee5e8b7cd
	at java.base/jdk.internal.reflect.NativeConstructorAccessorImpl.newInstance0(Native Method)
	at java.base/jdk.internal.reflect.NativeConstructorAccessorImpl.newInstance(NativeConstructorAccessorImpl.java:77)
	at java.base/jdk.internal.reflect.DelegatingConstructorAccessorImpl.newInstance(DelegatingConstructorAccessorImpl.java:45)
	at java.base/java.lang.reflect.Constructor.newInstanceWithCaller(Constructor.java:499)
	at java.base/java.lang.reflect.Constructor.newInstance(Constructor.java:480)
	at org.openqa.selenium.remote.http.W3CHttpResponseCodec.createException(W3CHttpResponseCodec.java:187)
	at org.openqa.selenium.remote.http.W3CHttpResponseCodec.decode(W3CHttpResponseCodec.java:122)
	at org.openqa.selenium.remote.http.W3CHttpResponseCodec.decode(W3CHttpResponseCodec.java:49)
	at org.openqa.selenium.remote.HttpCommandExecutor.execute(HttpCommandExecutor.java:158)
	at org.openqa.selenium.remote.service.DriverCommandExecutor.execute(DriverCommandExecutor.java:83)
	at org.openqa.selenium.remote.RemoteWebDriver.execute(RemoteWebDriver.java:548)
	at org.openqa.selenium.remote.RemoteWebElement.execute(RemoteWebElement.java:276)
	at org.openqa.selenium.remote.RemoteWebElement.click(RemoteWebElement.java:83)
	at java.base/jdk.internal.reflect.NativeMethodAccessorImpl.invoke0(Native Method)
	at java.base/jdk.internal.reflect.NativeMethodAccessorImpl.invoke(NativeMethodAccessorImpl.java:77)
	at java.base/jdk.internal.reflect.DelegatingMethodAccessorImpl.invoke(DelegatingMethodAccessorImpl.java:43)
	at java.base/java.lang.reflect.Method.invoke(Method.java:568)
	at org.openqa.selenium.support.pagefactory.internal.LocatingElementHandler.invoke(LocatingElementHandler.java:51)
	at jdk.proxy2/jdk.proxy2.$Proxy24.click(Unknown Source)
	at secxndary_framework.page.OzByHomePage.openCartPage(OzByHomePage.java:111)
	at secxndary_framework.test.OzByTest.AddressAdding_ShouldReturnError_WhenAddressIsNonExistent(OzByTest.java:163)
	at java.base/jdk.internal.reflect.NativeMethodAccessorImpl.invoke0(Native Method)
	at java.base/jdk.internal.reflect.NativeMethodAccessorImpl.invoke(NativeMethodAccessorImpl.java:77)
	at java.base/jdk.internal.reflect.DelegatingMethodAccessorImpl.invoke(DelegatingMethodAccessorImpl.java:43)
	at java.base/java.lang.reflect.Method.invoke(Method.java:568)
	at org.testng.internal.MethodInvocationHelper.invokeMethod(MethodInvocationHelper.java:124)
	at org.testng.internal.Invoker.invokeMethod(Invoker.java:583)
	at org.testng.internal.Invoker.invokeTestMethod(Invoker.java:719)
	at org.testng.internal.Invoker.invokeTestMethods(Invoker.java:989)
	at org.testng.internal.TestMethodWorker.invokeTestMethods(TestMethodWorker.java:125)
	at org.testng.internal.TestMethodWorker.run(TestMethodWorker.java:109)
	at org.testng.TestRunner.privateRun(TestRunner.java:648)
	at org.testng.TestRunner.run(TestRunner.java:505)
	at org.testng.SuiteRunner.runTest(SuiteRunner.java:455)
	at org.testng.SuiteRunner.runSequentially(SuiteRunner.java:450)
	at org.testng.SuiteRunner.privateRun(SuiteRunner.java:415)
	at org.testng.SuiteRunner.run(SuiteRunner.java:364)
	at org.testng.SuiteRunnerWorker.runSuite(SuiteRunnerWorker.java:52)
	at org.testng.SuiteRunnerWorker.run(SuiteRunnerWorker.java:84)
	at org.testng.TestNG.runSuitesSequentially(TestNG.java:1208)
	at org.testng.TestNG.runSuitesLocally(TestNG.java:1137)
	at org.testng.TestNG.runSuites(TestNG.java:1049)
	at org.testng.TestNG.run(TestNG.java:1017)
	at org.apache.maven.surefire.testng.TestNGExecutor.run(TestNGExecutor.java:151)
	at org.apache.maven.surefire.testng.TestNGDirectoryTestSuite.executeSingleClass(TestNGDirectoryTestSuite.java:111)
	at org.apache.maven.surefire.testng.TestNGDirectoryTestSuite.execute(TestNGDirectoryTestSuite.java:98)
	at org.apache.maven.surefire.testng.TestNGProvider.invoke(TestNGProvider.java:155)
	at org.apache.maven.surefire.booter.ForkedBooter.runSuitesInProcess(ForkedBooter.java:456)
	at org.apache.maven.surefire.booter.ForkedBooter.execute(ForkedBooter.java:169)
	at org.apache.maven.surefire.booter.ForkedBooter.run(ForkedBooter.java:595)
	at org.apache.maven.surefire.booter.ForkedBooter.main(ForkedBooter.java:581)
]]></failure>
    <system-out><![CDATA[2022-12-22 09:42:29,543 INFO  [main] secxndary_framework.page.OzByHomePage.<init>(OzByHomePage.java:50) Opened HomePage
2022-12-22 09:42:43,246 INFO  [main] secxndary_framework.page.OzByHomePage.loginIntoAccount(OzByHomePage.java:59) loginIntoAccount: valdaitsevv@mail.ru / 4cLMSR
]]></system-out>
    <system-err><![CDATA[SLF4J: Failed to load class "org.slf4j.impl.StaticLoggerBinder".
SLF4J: Defaulting to no-operation (NOP) logger implementation
SLF4J: See http://www.slf4j.org/codes.html#StaticLoggerBinder for further details.
Starting ChromeDriver 107.0.5304.62 (1eec40d3a5764881c92085aaee66d25075c159aa-refs/branch-heads/5304@{#942}) on port 42767
Only local connections are allowed.
Please see https://chromedriver.chromium.org/security-considerations for suggestions on keeping ChromeDriver safe.
ChromeDriver was started successfully.
дек. 22, 2022 9:42:29 AM org.openqa.selenium.remote.ProtocolHandshake createSession
INFO: Detected dialect: W3C
]]></system-err>
  </testcase>
  <testcase name="CourierDelivery_ShouldShowAddressInput" classname="secxndary_framework.test.OzByTest" time="38.863">
    <system-out><![CDATA[2022-12-22 09:43:01,285 INFO  [main] secxndary_framework.page.OzByHomePage.<init>(OzByHomePage.java:50) Opened HomePage
2022-12-22 09:43:04,844 INFO  [main] secxndary_framework.page.OzByHomePage.loginIntoAccount(OzByHomePage.java:59) loginIntoAccount: valdaitsevv@mail.ru / 4cLMSR
2022-12-22 09:43:20,990 INFO  [main] secxndary_framework.page.OzByHomePage.openCartPage(OzByHomePage.java:112) openCartPage
2022-12-22 09:43:20,995 INFO  [main] secxndary_framework.page.OzByCartPage.<init>(OzByCartPage.java:53) Opened CartPage
2022-12-22 09:43:38,955 INFO  [main] secxndary_framework.page.OzByCartPage.chooseCourierDeliveryOption(OzByCartPage.java:85) chooseCourierDeliveryOption
2022-12-22 09:43:40,142 INFO  [main] secxndary_framework.page.OzByCartPage.checkIfCourierDeliveryOptionShowsAddressInput(OzByCartPage.java:92) checkIfCourierDeliveryOptionShowsAddressInput: true
]]></system-out>
    <system-err><![CDATA[Starting ChromeDriver 107.0.5304.62 (1eec40d3a5764881c92085aaee66d25075c159aa-refs/branch-heads/5304@{#942}) on port 46363
Only local connections are allowed.
Please see https://chromedriver.chromium.org/security-considerations for suggestions on keeping ChromeDriver safe.
ChromeDriver was started successfully.
дек. 22, 2022 9:43:01 AM org.openqa.selenium.remote.ProtocolHandshake createSession
INFO: Detected dialect: W3C
]]></system-err>
  </testcase>
  <testcase name="EnterNumberOfGoods_ShouldReturnError_WhenNumberOfGoods_IsMoreThan99" classname="secxndary_framework.test.OzByTest" time="45.806">
    <system-out><![CDATA[2022-12-22 09:43:43,337 INFO  [main] secxndary_framework.page.OzByHomePage.<init>(OzByHomePage.java:50) Opened HomePage
2022-12-22 09:43:46,782 INFO  [main] secxndary_framework.page.OzByHomePage.loginIntoAccount(OzByHomePage.java:59) loginIntoAccount: valdaitsevv@mail.ru / 4cLMSR
2022-12-22 09:43:59,762 INFO  [main] secxndary_framework.page.OzByHomePage.openFirstGoodPage(OzByHomePage.java:132) openFirstGoodPage
2022-12-22 09:43:59,766 INFO  [main] secxndary_framework.page.OzByGoodsPage.<init>(OzByGoodsPage.java:36) Opened GoodsPage
2022-12-22 09:44:21,745 INFO  [main] secxndary_framework.page.OzByGoodsPage.openCartPage(OzByGoodsPage.java:77) openCartPage: the product is in the cart already.
2022-12-22 09:44:21,746 INFO  [main] secxndary_framework.page.OzByCartPage.<init>(OzByCartPage.java:53) Opened CartPage
2022-12-22 09:44:29,027 INFO  [main] secxndary_framework.page.OzByCartPage.enterNumberOfGoods(OzByCartPage.java:61) enterNumberOfGoods: 358
2022-12-22 09:44:29,140 ERROR  [main] secxndary_framework.page.OzByCartPage.checkIfNumberOfGoodsIsSent(OzByCartPage.java:72) checkIfNumberOfGoodsIsSent: NoSuchElementException
]]></system-out>
    <system-err><![CDATA[Starting ChromeDriver 107.0.5304.62 (1eec40d3a5764881c92085aaee66d25075c159aa-refs/branch-heads/5304@{#942}) on port 25329
Only local connections are allowed.
Please see https://chromedriver.chromium.org/security-considerations for suggestions on keeping ChromeDriver safe.
ChromeDriver was started successfully.
дек. 22, 2022 9:43:43 AM org.openqa.selenium.remote.ProtocolHandshake createSession
INFO: Detected dialect: W3C
]]></system-err>
  </testcase>
  <testcase name="LeaveComment_ShouldReturnError_WhenTheCommentTextLength_IsMoreThan300Symbols" classname="secxndary_framework.test.OzByTest" time="12.234">
    <failure message="expected [false] but found [true]" type="java.lang.AssertionError"><![CDATA[java.lang.AssertionError: expected [false] but found [true]
	at org.testng.Assert.fail(Assert.java:96)
	at org.testng.Assert.failNotEquals(Assert.java:776)
	at org.testng.Assert.assertFalse(Assert.java:65)
	at org.testng.Assert.assertFalse(Assert.java:75)
	at secxndary_framework.test.OzByTest.LeaveComment_ShouldReturnError_WhenTheCommentTextLength_IsMoreThan300Symbols(OzByTest.java:39)
	at java.base/jdk.internal.reflect.NativeMethodAccessorImpl.invoke0(Native Method)
	at java.base/jdk.internal.reflect.NativeMethodAccessorImpl.invoke(NativeMethodAccessorImpl.java:77)
	at java.base/jdk.internal.reflect.DelegatingMethodAccessorImpl.invoke(DelegatingMethodAccessorImpl.java:43)
	at java.base/java.lang.reflect.Method.invoke(Method.java:568)
	at org.testng.internal.MethodInvocationHelper.invokeMethod(MethodInvocationHelper.java:124)
	at org.testng.internal.Invoker.invokeMethod(Invoker.java:583)
	at org.testng.internal.Invoker.invokeTestMethod(Invoker.java:719)
	at org.testng.internal.Invoker.invokeTestMethods(Invoker.java:989)
	at org.testng.internal.TestMethodWorker.invokeTestMethods(TestMethodWorker.java:125)
	at org.testng.internal.TestMethodWorker.run(TestMethodWorker.java:109)
	at org.testng.TestRunner.privateRun(TestRunner.java:648)
	at org.testng.TestRunner.run(TestRunner.java:505)
	at org.testng.SuiteRunner.runTest(SuiteRunner.java:455)
	at org.testng.SuiteRunner.runSequentially(SuiteRunner.java:450)
	at org.testng.SuiteRunner.privateRun(SuiteRunner.java:415)
	at org.testng.SuiteRunner.run(SuiteRunner.java:364)
	at org.testng.SuiteRunnerWorker.runSuite(SuiteRunnerWorker.java:52)
	at org.testng.SuiteRunnerWorker.run(SuiteRunnerWorker.java:84)
	at org.testng.TestNG.runSuitesSequentially(TestNG.java:1208)
	at org.testng.TestNG.runSuitesLocally(TestNG.java:1137)
	at org.testng.TestNG.runSuites(TestNG.java:1049)
	at org.testng.TestNG.run(TestNG.java:1017)
	at org.apache.maven.surefire.testng.TestNGExecutor.run(TestNGExecutor.java:151)
	at org.apache.maven.surefire.testng.TestNGDirectoryTestSuite.executeSingleClass(TestNGDirectoryTestSuite.java:111)
	at org.apache.maven.surefire.testng.TestNGDirectoryTestSuite.execute(TestNGDirectoryTestSuite.java:98)
	at org.apache.maven.surefire.testng.TestNGProvider.invoke(TestNGProvider.java:155)
	at org.apache.maven.surefire.booter.ForkedBooter.runSuitesInProcess(ForkedBooter.java:456)
	at org.apache.maven.surefire.booter.ForkedBooter.execute(ForkedBooter.java:169)
	at org.apache.maven.surefire.booter.ForkedBooter.run(ForkedBooter.java:595)
	at org.apache.maven.surefire.booter.ForkedBooter.main(ForkedBooter.java:581)
]]></failure>
    <system-out><![CDATA[2022-12-22 09:44:31,426 INFO  [main] secxndary_framework.page.OzByHomePage.<init>(OzByHomePage.java:50) Opened HomePage
2022-12-22 09:44:34,865 INFO  [main] secxndary_framework.page.OzByHomePage.loginIntoAccount(OzByHomePage.java:59) loginIntoAccount: valdaitsevv@mail.ru / 4cLMSR
2022-12-22 09:44:39,653 INFO  [main] secxndary_framework.page.OzByHomePage.openFirstGoodPage(OzByHomePage.java:132) openFirstGoodPage
2022-12-22 09:44:39,654 INFO  [main] secxndary_framework.page.OzByGoodsPage.<init>(OzByGoodsPage.java:36) Opened GoodsPage
2022-12-22 09:44:40,020 INFO  [main] secxndary_framework.page.OzByGoodsPage.enterComment(OzByGoodsPage.java:45) enterComment
2022-12-22 09:44:42,048 INFO  [main] secxndary_framework.page.OzByGoodsPage.sendComment(OzByGoodsPage.java:51) sendComment
2022-12-22 09:44:43,303 INFO  [main] secxndary_framework.page.OzByGoodsPage.checkIfCommentIsSent(OzByGoodsPage.java:60) checkIfCommentIsSent: true
]]></system-out>
    <system-err><![CDATA[Starting ChromeDriver 107.0.5304.62 (1eec40d3a5764881c92085aaee66d25075c159aa-refs/branch-heads/5304@{#942}) on port 33383
Only local connections are allowed.
Please see https://chromedriver.chromium.org/security-considerations for suggestions on keeping ChromeDriver safe.
ChromeDriver was started successfully.
дек. 22, 2022 9:44:31 AM org.openqa.selenium.remote.ProtocolHandshake createSession
INFO: Detected dialect: W3C
]]></system-err>
  </testcase>
  <testcase name="OrderCall_ShouldReturnError_WhenUserName_IsLongerThan100Symbols" classname="secxndary_framework.test.OzByTest" time="7.576">
    <failure message="expected [false] but found [true]" type="java.lang.AssertionError"><![CDATA[java.lang.AssertionError: expected [false] but found [true]
	at org.testng.Assert.fail(Assert.java:96)
	at org.testng.Assert.failNotEquals(Assert.java:776)
	at org.testng.Assert.assertFalse(Assert.java:65)
	at org.testng.Assert.assertFalse(Assert.java:75)
	at secxndary_framework.test.OzByTest.OrderCall_ShouldReturnError_WhenUserName_IsLongerThan100Symbols(OzByTest.java:78)
	at java.base/jdk.internal.reflect.NativeMethodAccessorImpl.invoke0(Native Method)
	at java.base/jdk.internal.reflect.NativeMethodAccessorImpl.invoke(NativeMethodAccessorImpl.java:77)
	at java.base/jdk.internal.reflect.DelegatingMethodAccessorImpl.invoke(DelegatingMethodAccessorImpl.java:43)
	at java.base/java.lang.reflect.Method.invoke(Method.java:568)
	at org.testng.internal.MethodInvocationHelper.invokeMethod(MethodInvocationHelper.java:124)
	at org.testng.internal.Invoker.invokeMethod(Invoker.java:583)
	at org.testng.internal.Invoker.invokeTestMethod(Invoker.java:719)
	at org.testng.internal.Invoker.invokeTestMethods(Invoker.java:989)
	at org.testng.internal.TestMethodWorker.invokeTestMethods(TestMethodWorker.java:125)
	at org.testng.internal.TestMethodWorker.run(TestMethodWorker.java:109)
	at org.testng.TestRunner.privateRun(TestRunner.java:648)
	at org.testng.TestRunner.run(TestRunner.java:505)
	at org.testng.SuiteRunner.runTest(SuiteRunner.java:455)
	at org.testng.SuiteRunner.runSequentially(SuiteRunner.java:450)
	at org.testng.SuiteRunner.privateRun(SuiteRunner.java:415)
	at org.testng.SuiteRunner.run(SuiteRunner.java:364)
	at org.testng.SuiteRunnerWorker.runSuite(SuiteRunnerWorker.java:52)
	at org.testng.SuiteRunnerWorker.run(SuiteRunnerWorker.java:84)
	at org.testng.TestNG.runSuitesSequentially(TestNG.java:1208)
	at org.testng.TestNG.runSuitesLocally(TestNG.java:1137)
	at org.testng.TestNG.runSuites(TestNG.java:1049)
	at org.testng.TestNG.run(TestNG.java:1017)
	at org.apache.maven.surefire.testng.TestNGExecutor.run(TestNGExecutor.java:151)
	at org.apache.maven.surefire.testng.TestNGDirectoryTestSuite.executeSingleClass(TestNGDirectoryTestSuite.java:111)
	at org.apache.maven.surefire.testng.TestNGDirectoryTestSuite.execute(TestNGDirectoryTestSuite.java:98)
	at org.apache.maven.surefire.testng.TestNGProvider.invoke(TestNGProvider.java:155)
	at org.apache.maven.surefire.booter.ForkedBooter.runSuitesInProcess(ForkedBooter.java:456)
	at org.apache.maven.surefire.booter.ForkedBooter.execute(ForkedBooter.java:169)
	at org.apache.maven.surefire.booter.ForkedBooter.run(ForkedBooter.java:595)
	at org.apache.maven.surefire.booter.ForkedBooter.main(ForkedBooter.java:581)
]]></failure>
    <system-out><![CDATA[2022-12-22 09:44:46,950 INFO  [main] secxndary_framework.page.OzByHomePage.<init>(OzByHomePage.java:50) Opened HomePage
2022-12-22 09:44:48,295 INFO  [main] secxndary_framework.page.OzByHomePage.loginIntoAccount(OzByHomePage.java:59) loginIntoAccount: valdaitsevv@mail.ru / 4cLMSR
2022-12-22 09:44:53,036 INFO  [main] secxndary_framework.page.OzByHomePage.clickOrderCallLink(OzByHomePage.java:79) clickOrderCallLink
2022-12-22 09:44:54,057 INFO  [main] secxndary_framework.page.OzByHomePage.enterOrderCallUserName(OzByHomePage.java:86) enterOrderCallUserName: qweqqqqqqqqqqqqqqqqqqqqqqqqqqqqqqqqqqqqqqqqweqqqqqqqqqqqqqqqqqqqqqqqqqqqqqqqqqqqqqqqqweqqqqqqqqqqqqqqqqqqqqqqqqqqqqqqqqqqqqqqqqweqweqqqqqqqqqqqqqqqqqqqqqqqqqqqqqqqqqqqqqqqqweqqqqqqqqqqqqqqqqqqqqqqqqqqqqqqqqqqqqqqqqweqqqqqqqqqqqqqqqqqqqqqqqqqqqqqqqqqqqqqqqqweqweqqqqqqqqqqqqqqqqqqqqqqqqqqqqqqqqqqqqqqqqweqqqqqqqqqqqqqqqqqqqqqqqqqqqqqqqqqqqqqqqqweqqqqqqqqqqqqqqqqqqqqqqqqqqqqqqqqqqqqqqqqwe
2022-12-22 09:44:54,080 INFO  [main] secxndary_framework.page.OzByHomePage.clickOrderCallButton(OzByHomePage.java:93) clickOrderCallButton
]]></system-out>
    <system-err><![CDATA[Starting ChromeDriver 107.0.5304.62 (1eec40d3a5764881c92085aaee66d25075c159aa-refs/branch-heads/5304@{#942}) on port 5284
Only local connections are allowed.
Please see https://chromedriver.chromium.org/security-considerations for suggestions on keeping ChromeDriver safe.
ChromeDriver was started successfully.
дек. 22, 2022 9:44:46 AM org.openqa.selenium.remote.ProtocolHandshake createSession
INFO: Detected dialect: W3C
]]></system-err>
  </testcase>
  <testcase name="SearchFilter_ShouldShowFilterResults" classname="secxndary_framework.test.OzByTest" time="6.532">
    <system-out><![CDATA[2022-12-22 09:44:56,378 INFO  [main] secxndary_framework.page.OzByHomePage.<init>(OzByHomePage.java:50) Opened HomePage
2022-12-22 09:45:02,099 INFO  [main] secxndary_framework.page.OzByHomePage.enterSearchText(OzByHomePage.java:103) enterSearchText: ghoul
2022-12-22 09:45:02,101 INFO  [main] secxndary_framework.page.OzBySearchResultsPage.<init>(OzBySearchResultsPage.java:21) Opened SearchResultsPage
2022-12-22 09:45:02,909 INFO  [main] secxndary_framework.page.OzBySearchResultsPage.checkIfSearchFilterIsCorrect(OzBySearchResultsPage.java:39) checkIfSearchFilterIsCorrect: true
]]></system-out>
    <system-err><![CDATA[Starting ChromeDriver 107.0.5304.62 (1eec40d3a5764881c92085aaee66d25075c159aa-refs/branch-heads/5304@{#942}) on port 1324
Only local connections are allowed.
Please see https://chromedriver.chromium.org/security-considerations for suggestions on keeping ChromeDriver safe.
ChromeDriver was started successfully.
дек. 22, 2022 9:44:56 AM org.openqa.selenium.remote.ProtocolHandshake createSession
INFO: Detected dialect: W3C
]]></system-err>
  </testcase>
  <testcase name="SearchPage_ShouldShowSearchResults" classname="secxndary_framework.test.OzByTest" time="6.341">
    <system-out><![CDATA[2022-12-22 09:45:04,654 INFO  [main] secxndary_framework.page.OzByHomePage.<init>(OzByHomePage.java:50) Opened HomePage
2022-12-22 09:45:10,970 INFO  [main] secxndary_framework.page.OzByHomePage.enterSearchText(OzByHomePage.java:103) enterSearchText: ghoul
2022-12-22 09:45:10,971 INFO  [main] secxndary_framework.page.OzBySearchResultsPage.<init>(OzBySearchResultsPage.java:21) Opened SearchResultsPage
2022-12-22 09:45:10,994 INFO  [main] secxndary_framework.page.OzBySearchResultsPage.checkIfSearchPageReturnsSearchResult(OzBySearchResultsPage.java:27) checkIfSearchPageReturnsSearchResult: true
]]></system-out>
    <system-err><![CDATA[Starting ChromeDriver 107.0.5304.62 (1eec40d3a5764881c92085aaee66d25075c159aa-refs/branch-heads/5304@{#942}) on port 37645
Only local connections are allowed.
Please see https://chromedriver.chromium.org/security-considerations for suggestions on keeping ChromeDriver safe.
ChromeDriver was started successfully.
дек. 22, 2022 9:45:04 AM org.openqa.selenium.remote.ProtocolHandshake createSession
INFO: Detected dialect: W3C
]]></system-err>
  </testcase>
  <testcase name="TextFeedbackForm_ShouldReturnError_WhenMessage_IsLongerThan100Symbols" classname="secxndary_framework.test.OzByTest" time="34.847">
    <failure message="expected [false] but found [true]" type="java.lang.AssertionError"><![CDATA[java.lang.AssertionError: expected [false] but found [true]
	at org.testng.Assert.fail(Assert.java:96)
	at org.testng.Assert.failNotEquals(Assert.java:776)
	at org.testng.Assert.assertFalse(Assert.java:65)
	at org.testng.Assert.assertFalse(Assert.java:75)
	at secxndary_framework.test.OzByTest.TextFeedbackForm_ShouldReturnError_WhenMessage_IsLongerThan100Symbols(OzByTest.java:98)
	at java.base/jdk.internal.reflect.NativeMethodAccessorImpl.invoke0(Native Method)
	at java.base/jdk.internal.reflect.NativeMethodAccessorImpl.invoke(NativeMethodAccessorImpl.java:77)
	at java.base/jdk.internal.reflect.DelegatingMethodAccessorImpl.invoke(DelegatingMethodAccessorImpl.java:43)
	at java.base/java.lang.reflect.Method.invoke(Method.java:568)
	at org.testng.internal.MethodInvocationHelper.invokeMethod(MethodInvocationHelper.java:124)
	at org.testng.internal.Invoker.invokeMethod(Invoker.java:583)
	at org.testng.internal.Invoker.invokeTestMethod(Invoker.java:719)
	at org.testng.internal.Invoker.invokeTestMethods(Invoker.java:989)
	at org.testng.internal.TestMethodWorker.invokeTestMethods(TestMethodWorker.java:125)
	at org.testng.internal.TestMethodWorker.run(TestMethodWorker.java:109)
	at org.testng.TestRunner.privateRun(TestRunner.java:648)
	at org.testng.TestRunner.run(TestRunner.java:505)
	at org.testng.SuiteRunner.runTest(SuiteRunner.java:455)
	at org.testng.SuiteRunner.runSequentially(SuiteRunner.java:450)
	at org.testng.SuiteRunner.privateRun(SuiteRunner.java:415)
	at org.testng.SuiteRunner.run(SuiteRunner.java:364)
	at org.testng.SuiteRunnerWorker.runSuite(SuiteRunnerWorker.java:52)
	at org.testng.SuiteRunnerWorker.run(SuiteRunnerWorker.java:84)
	at org.testng.TestNG.runSuitesSequentially(TestNG.java:1208)
	at org.testng.TestNG.runSuitesLocally(TestNG.java:1137)
	at org.testng.TestNG.runSuites(TestNG.java:1049)
	at org.testng.TestNG.run(TestNG.java:1017)
	at org.apache.maven.surefire.testng.TestNGExecutor.run(TestNGExecutor.java:151)
	at org.apache.maven.surefire.testng.TestNGDirectoryTestSuite.executeSingleClass(TestNGDirectoryTestSuite.java:111)
	at org.apache.maven.surefire.testng.TestNGDirectoryTestSuite.execute(TestNGDirectoryTestSuite.java:98)
	at org.apache.maven.surefire.testng.TestNGProvider.invoke(TestNGProvider.java:155)
	at org.apache.maven.surefire.booter.ForkedBooter.runSuitesInProcess(ForkedBooter.java:456)
	at org.apache.maven.surefire.booter.ForkedBooter.execute(ForkedBooter.java:169)
	at org.apache.maven.surefire.booter.ForkedBooter.run(ForkedBooter.java:595)
	at org.apache.maven.surefire.booter.ForkedBooter.main(ForkedBooter.java:581)
]]></failure>
    <system-out><![CDATA[2022-12-22 09:45:16,360 INFO  [main] secxndary_framework.page.OzByHomePage.<init>(OzByHomePage.java:50) Opened HomePage
2022-12-22 09:45:17,883 INFO  [main] secxndary_framework.page.OzByHomePage.loginIntoAccount(OzByHomePage.java:59) loginIntoAccount: valdaitsevv@mail.ru / 4cLMSR
2022-12-22 09:45:24,154 INFO  [main] secxndary_framework.page.OzByHomePage.openTextFeedbackPage(OzByHomePage.java:143) openTextFeedbackPage
2022-12-22 09:45:45,929 INFO  [main] secxndary_framework.page.OzByFeedbackPage.sendFeedbackMessage(OzByFeedbackPage.java:31) sendFeedbackMessage: qweqqqqqqqqqqqqqqqqqqqqqqqqqqqqqqqqqqqqqqqqweqqqqqqqqqqqqqqqqqqqqqqqqqqqqqqqqqqqqqqqqweqqqqqqqqqqqqqqqqqqqqqqqqqqqqqqqqqqqqqqqqweqweqqqqqqqqqqqqqqqqqqqqqqqqqqqqqqqqqqqqqqqqweqqqqqqqqqqqqqqqqqqqqqqqqqqqqqqqqqqqqqqqqweqqqqqqqqqqqqqqqqqqqqqqqqqqqqqqqqqqqqqqqqweqweqqqqqqqqqqqqqqqqqqqqqqqqqqqqqqqqqqqqqqqqweqqqqqqqqqqqqqqqqqqqqqqqqqqqqqqqqqqqqqqqqweqqqqqqqqqqqqqqqqqqqqqqqqqqqqqqqqqqqqqqqqweqweqqqqqqqqqqqqqqqqqqqqqqqqqqqqqqqqqqqqqqqqweqqqqqqqqqqqqqqqqqqqqqqqqqqqqqqqqqqqqqqqqweqqqqqqqqqqqqqqqqqqqqqqqqqqqqqqqqqqqqqqqqweqweqqqqqqqqqqqqqqqqqqqqqqqqqqqqqqqqqqqqqqqqweqqqqqqqqqqqqqqqqqqqqqqqqqqqqqqqqqqqqqqqqweqqqqqqqqqqqqqqqqqqqqqqqqqqqqqqqqqqqqqqqqweqweqqqqqqqqqqqqqqqqqqqqqqqqqqqqqqqqqqqqqqqqweqqqqqqqqqqqqqqqqqqqqqqqqqqqqqqqqqqqqqqqqweqqqqqqqqqqqqqqqqqqqqqqqqqqqqqqqqqqqqqqqqweqweqqqqqqqqqqqqqqqqqqqqqqqqqqqqqqqqqqqqqqqqweqqqqqqqqqqqqqqqqqqqqqqqqqqqqqqqqqqqqqqqqweqqqqqqqqqqqqqqqqqqqqqqqqqqqqqqqqqqqqqqqqweqweqqqqqqqqqqqqqqqqqqqqqqqqqqqqqqqqqqqqqqqqweqqqqqqqqqqqqqqqqqqqqqqqqqqqqqqqqqqqqqqqqweqqqqqqqqqqqqqqqqqqqqqqqqqqqqqqqqqqqqqqqqweqweqqqqqqqqqqqqqqqqqqqqqqqqqqqqqqqqqqqqqqqqweqqqqqqqqqqqqqqqqqqqqqqqqqqqqqqqqqqqqqqqqweqqqqqqqqqqqqqqqqqqqqqqqqqqqqqqqqqqqqqqqqweqweqqqqqqqqqqqqqqqqqqqqqqqqqqqqqqqqqqqqqqqqweqqqqqqqqqqqqqqqqqqqqqqqqqqqqqqqqqqqqqqqqweqqqqqqqqqqqqqqqqqqqqqqqqqqqqqqqqqqqqqqqqweqweqqqqqqqqqqqqqqqqqqqqqqqqqqqqqqqqqqqqqqqqweqqqqqqqqqqqqqqqqqqqqqqqqqqqqqqqqqqqqqqqqweqqqqqqqqqqqqqqqqqqqqqqqqqqqqqqqqqqqqqqqqweqweqqqqqqqqqqqqqqqqqqqqqqqqqqqqqqqqqqqqqqqqweqqqqqqqqqqqqqqqqqqqqqqqqqqqqqqqqqqqqqqqqweqqqqqqqqqqqqqqqqqqqqqqqqqqqqqqqqqqqqqqqqweqweqqqqqqqqqqqqqqqqqqqqqqqqqqqqqqqqqqqqqqqqweqqqqqqqqqqqqqqqqqqqqqqqqqqqqqqqqqqqqqqqqweqqqqqqqqqqqqqqqqqqqqqqqqqqqqqqqqqqqqqqqqweqweqqqqqqqqqqqqqqqqqqqqqqqqqqqqqqqqqqqqqqqqweqqqqqqqqqqqqqqqqqqqqqqqqqqqqqqqqqqqqqqqqweqqqqqqqqqqqqqqqqqqqqqqqqqqqqqqqqqqqqqqqqweqweqqqqqqqqqqqqqqqqqqqqqqqqqqqqqqqqqqqqqqqqweqqqqqqqqqqqqqqqqqqqqqqqqqqqqqqqqqqqqqqqqweqqqqqqqqqqqqqqqqqqqqqqqqqqqqqqqqqqqqqqqqweqweqqqqqqqqqqqqqqqqqqqqqqqqqqqqqqqqqqqqqqqqweqqqqqqqqqqqqqqqqqqqqqqqqqqqqqqqqqqqqqqqqweqqqqqqqqqqqqqqqqqqqqqqqqqqqqqqqqqqqqqqqqweqweqqqqqqqqqqqqqqqqqqqqqqqqqqqqqqqqqqqqqqqqweqqqqqqqqqqqqqqqqqqqqqqqqqqqqqqqqqqqqqqqqweqqqqqqqqqqqqqqqqqqqqqqqqqqqqqqqqqqqqqqqqweqweqqqqqqqqqqqqqqqqqqqqqqqqqqqqqqqqqqqqqqqqweqqqqqqqqqqqqqqqqqqqqqqqqqqqqqqqqqqqqqqqqweqqqqqqqqqqqqqqqqqqqqqqqqqqqqqqqqqqqqqqqqweqweqqqqqqqqqqqqqqqqqqqqqqqqqqqqqqqqqqqqqqqqweqqqqqqqqqqqqqqqqqqqqqqqqqqqqqqqqqqqqqqqqweqqqqqqqqqqqqqqqqqqqqqqqqqqqqqqqqqqqqqqqqweqweqqqqqqqqqqqqqqqqqqqqqqqqqqqqqqqqqqqqqqqqweqqqqqqqqqqqqqqqqqqqqqqqqqqqqqqqqqqqqqqqqweqqqqqqqqqqqqqqqqqqqqqqqqqqqqqqqqqqqqqqqqweqweqqqqqqqqqqqqqqqqqqqqqqqqqqqqqqqqqqqqqqqqweqqqqqqqqqqqqqqqqqqqqqqqqqqqqqqqqqqqqqqqqweqqqqqqqqqqqqqqqqqqqqqqqqqqqqqqqqqqqqqqqqweqweqqqqqqqqqqqqqqqqqqqqqqqqqqqqqqqqqqqqqqqqweqqqqqqqqqqqqqqqqqqqqqqqqqqqqqqqqqqqqqqqqweqqqqqqqqqqqqqqqqqqqqqqqqqqqqqqqqqqqqqqqqweqweqqqqqqqqqqqqqqqqqqqqqqqqqqqqqqqqqqqqqqqqweqqqqqqqqqqqqqqqqqqqqqqqqqqqqqqqqqqqqqqqqweqqqqqqqqqqqqqqqqqqqqqqqqqqqqqqqqqqqqqqqqweqweqqqqqqqqqqqqqqqqqqqqqqqqqqqqqqqqqqqqqqqqweqqqqqqqqqqqqqqqqqqqqqqqqqqqqqqqqqqqqqqqqweqqqqqqqqqqqqqqqqqqqqqqqqqqqqqqqqqqqqqqqqweqweqqqqqqqqqqqqqqqqqqqqqqqqqqqqqqqqqqqqqqqqweqqqqqqqqqqqqqqqqqqqqqqqqqqqqqqqqqqqqqqqqweqqqqqqqqqqqqqqqqqqqqqqqqqqqqqqqqqqqqqqqqweqweqqqqqqqqqqqqqqqqqqqqqqqqqqqqqqqqqqqqqqqqweqqqqqqqqqqqqqqqqqqqqqqqqqqqqqqqqqqqqqqqqweqqqqqqqqqqqqqqqqqqqqqqqqqqqqqqqqqqqqqqqqweqweqqqqqqqqqqqqqqqqqqqqqqqqqqqqqqqqqqqqqqqqweqqqqqqqqqqqqqqqqqqqqqqqqqqqqqqqqqqqqqqqqweqqqqqqqqqqqqqqqqqqqqqqqqqqqqqqqqqqqqqqqqweqweqqqqqqqqqqqqqqqqqqqqqqqqqqqqqqqqqqqqqqqqweqqqqqqqqqqqqqqqqqqqqqqqqqqqqqqqqqqqqqqqqweqqqqqqqqqqqqqqqqqqqqqqqqqqqqqqqqqqqqqqqqweqweqqqqqqqqqqqqqqqqqqqqqqqqqqqqqqqqqqqqqqqqweqqqqqqqqqqqqqqqqqqqqqqqqqqqqqqqqqqqqqqqqweqqqqqqqqqqqqqqqqqqqqqqqqqqqqqqqqqqqqqqqqweqweqqqqqqqqqqqqqqqqqqqqqqqqqqqqqqqqqqqqqqqqweqqqqqqqqqqqqqqqqqqqqqqqqqqqqqqqqqqqqqqqqweqqqqqqqqqqqqqqqqqqqqqqqqqqqqqqqqqqqqqqqqweqweqqqqqqqqqqqqqqqqqqqqqqqqqqqqqqqqqqqqqqqqweqqqqqqqqqqqqqqqqqqqqqqqqqqqqqqqqqqqqqqqqweqqqqqqqqqqqqqqqqqqqqqqqqqqqqqqqqqqqqqqqqweqweqqqqqqqqqqqqqqqqqqqqqqqqqqqqqqqqqqqqqqqqweqqqqqqqqqqqqqqqqqqqqqqqqqqqqqqqqqqqqqqqqweqqqqqqqqqqqqqqqqqqqqqqqqqqqqqqqqqqqqqqqqweqweqqqqqqqqqqqqqqqqqqqqqqqqqqqqqqqqqqqqqqqqweqqqqqqqqqqqqqqqqqqqqqqqqqqqqqqqqqqqqqqqqweqqqqqqqqqqqqqqqqqqqqqqqqqqqqqqqqqqqqqqqqweqweqqqqqqqqqqqqqqqqqqqqqqqqqqqqqqqqqqqqqqqqweqqqqqqqqqqqqqqqqqqqqqqqqqqqqqqqqqqqqqqqqweqqqqqqqqqqqqqqqqqqqqqqqqqqqqqqqqqqqqqqqqweqweqqqqqqqqqqqqqqqqqqqqqqqqqqqqqqqqqqqqqqqqweqqqqqqqqqqqqqqqqqqqqqqqqqqqqqqqqqqqqqqqqweqqqqqqqqqqqqqqqqqqqqqqqqqqqqqqqqqqqqqqqqweqweqqqqqqqqqqqqqqqqqqqqqqqqqqqqqqqqqqqqqqqqweqqqqqqqqqqqqqqqqqqqqqqqqqqqqqqqqqqqqqqqqweqqqqqqqqqqqqqqqqqqqqqqqqqqqqqqqqqqqqqqqqweqweqqqqqqqqqqqqqqqqqqqqqqqqqqqqqqqqqqqqqqqqweqqqqqqqqqqqqqqqqqqqqqqqqqqqqqqqqqqqqqqqqweqqqqqqqqqqqqqqqqqqqqqqqqqqqqqqqqqqqqqqqqweqweqqqqqqqqqqqqqqqqqqqqqqqqqqqqqqqqqqqqqqqqweqqqqqqqqqqqqqqqqqqqqqqqqqqqqqqqqqqqqqqqqweqqqqqqqqqqqqqqqqqqqqqqqqqqqqqqqqqqqqqqqqweqweqqqqqqqqqqqqqqqqqqqqqqqqqqqqqqqqqqqqqqqqweqqqqqqqqqqqqqqqqqqqqqqqqqqqqqqqqqqqqqqqqweqqqqqqqqqqqqqqqqqqqqqqqqqqqqqqqqqqqqqqqqweqweqqqqqqqqqqqqqqqqqqqqqqqqqqqqqqqqqqqqqqqqweqqqqqqqqqqqqqqqqqqqqqqqqqqqqqqqqqqqqqqqqweqqqqqqqqqqqqqqqqqqqqqqqqqqqqqqqqqqqqqqqqweqweqqqqqqqqqqqqqqqqqqqqqqqqqqqqqqqqqqqqqqqqweqqqqqqqqqqqqqqqqqqqqqqqqqqqqqqqqqqqqqqqqweqqqqqqqqqqqqqqqqqqqqqqqqqqqqqqqqqqqqqqqqweqweqqqqqqqqqqqqqqqqqqqqqqqqqqqqqqqqqqqqqqqqweqqqqqqqqqqqqqqqqqqqqqqqqqqqqqqqqqqqqqqqqweqqqqqqqqqqqqqqqqqqqqqqqqqqqqqqqqqqqqqqqqweqweqqqqqqqqqqqqqqqqqqqqqqqqqqqqqqqqqqqqqqqqweqqqqqqqqqqqqqqqqqqqqqqqqqqqqqqqqqqqqqqqqweqqqqqqqqqqqqqqqqqqqqqqqqqqqqqqqqqqqqqqqqweqweqqqqqqqqqqqqqqqqqqqqqqqqqqqqqqqqqqqqqqqqweqqqqqqqqqqqqqqqqqqqqqqqqqqqqqqqqqqqqqqqqweqqqqqqqqqqqqqqqqqqqqqqqqqqqqqqqqqqqqqqqqweqweqqqqqqqqqqqqqqqqqqqqqqqqqqqqqqqqqqqqqqqqweqqqqqqqqqqqqqqqqqqqqqqqqqqqqqqqqqqqqqqqqweqqqqqqqqqqqqqqqqqqqqqqqqqqqqqqqqqqqqqqqqweqweqqqqqqqqqqqqqqqqqqqqqqqqqqqqqqqqqqqqqqqqweqqqqqqqqqqqqqqqqqqqqqqqqqqqqqqqqqqqqqqqqweqqqqqqqqqqqqqqqqqqqqqqqqqqqqqqqqqqqqqqqqweqweqqqqqqqqqqqqqqqqqqqqqqqqqqqqqqqqqqqqqqqqweqqqqqqqqqqqqqqqqqqqqqqqqqqqqqqqqqqqqqqqqweqqqqqqqqqqqqqqqqqqqqqqqqqqqqqqqqqqqqqqqqweqweqqqqqqqqqqqqqqqqqqqqqqqqqqqqqqqqqqqqqqqqweqqqqqqqqqqqqqqqqqqqqqqqqqqqqqqqqqqqqqqqqweqqqqqqqqqqqqqqqqqqqqqqqqqqqqqqqqqqqqqqqqweqweqqqqqqqqqqqqqqqqqqqqqqqqqqqqqqqqqqqqqqqqweqqqqqqqqqqqqqqqqqqqqqqqqqqqqqqqqqqqqqqqqweqqqqqqqqqqqqqqqqqqqqqqqqqqqqqqqqqqqqqqqqweqweqqqqqqqqqqqqqqqqqqqqqqqqqqqqqqqqqqqqqqqqweqqqqqqqqqqqqqqqqqqqqqqqqqqqqqqqqqqqqqqqqweqqqqqqqqqqqqqqqqqqqqqqqqqqqqqqqqqqqqqqqqweqweqqqqqqqqqqqqqqqqqqqqqqqqqqqqqqqqqqqqqqqqweqqqqqqqqqqqqqqqqqqqqqqqqqqqqqqqqqqqqqqqqweqqqqqqqqqqqqqqqqqqqqqqqqqqqqqqqqqqqqqqqqweqweqqqqqqqqqqqqqqqqqqqqqqqqqqqqqqqqqqqqqqqqweqqqqqqqqqqqqqqqqqqqqqqqqqqqqqqqqqqqqqqqqweqqqqqqqqqqqqqqqqqqqqqqqqqqqqqqqqqqqqqqqqweqweqqqqqqqqqqqqqqqqqqqqqqqqqqqqqqqqqqqqqqqqweqqqqqqqqqqqqqqqqqqqqqqqqqqqqqqqqqqqqqqqqweqqqqqqqqqqqqqqqqqqqqqqqqqqqqqqqqqqqqqqqqweqweqqqqqqqqqqqqqqqqqqqqqqqqqqqqqqqqqqqqqqqqweqqqqqqqqqqqqqqqqqqqqqqqqqqqqqqqqqqqqqqqqweqqqqqqqqqqqqqqqqqqqqqqqqqqqqqqqqqqqqqqqqweqweqqqqqqqqqqqqqqqqqqqqqqqqqqqqqqqqqqqqqqqqweqqqqqqqqqqqqqqqqqqqqqqqqqqqqqqqqqqqqqqqqweqqqqqqqqqqqqqqqqqqqqqqqqqqqqqqqqqqqqqqqqweqweqqqqqqqqqqqqqqqqqqqqqqqqqqqqqqqqqqqqqqqqweqqqqqqqqqqqqqqqqqqqqqqqqqqqqqqqqqqqqqqqqweqqqqqqqqqqqqqqqqqqqqqqqqqqqqqqqqqqqqqqqqweqweqqqqqqqqqqqqqqqqqqqqqqqqqqqqqqqqqqqqqqqqweqqqqqqqqqqqqqqqqqqqqqqqqqqqqqqqqqqqqqqqqweqqqqqqqqqqqqqqqqqqqqqqqqqqqqqqqqqqqqqqqqweqweqqqqqqqqqqqqqqqqqqqqqqqqqqqqqqqqqqqqqqqqweqqqqqqqqqqqqqqqqqqqqqqqqqqqqqqqqqqqqqqqqweqqqqqqqqqqqqqqqqqqqqqqqqqqqqqqqqqqqqqqqqweqweqqqqqqqqqqqqqqqqqqqqqqqqqqqqqqqqqqqqqqqqweqqqqqqqqqqqqqqqqqqqqqqqqqqqqqqqqqqqqqqqqweqqqqqqqqqqqqqqqqqqqqqqqqqqqqqqqqqqqqqqqqweqweqqqqqqqqqqqqqqqqqqqqqqqqqqqqqqqqqqqqqqqqweqqqqqqqqqqqqqqqqqqqqqqqqqqqqqqqqqqqqqqqqweqqqqqqqqqqqqqqqqqqqqqqqqqqqqqqqqqqqqqqqqweqweqqqqqqqqqqqqqqqqqqqqqqqqqqqqqqqqqqqqqqqqweqqqqqqqqqqqqqqqqqqqqqqqqqqqqqqqqqqqqqqqqweqqqqqqqqqqqqqqqqqqqqqqqqqqqqqqqqqqqqqqqqweqweqqqqqqqqqqqqqqqqqqqqqqqqqqqqqqqqqqqqqqqqweqqqqqqqqqqqqqqqqqqqqqqqqqqqqqqqqqqqqqqqqweqqqqqqqqqqqqqqqqqqqqqqqqqqqqqqqqqqqqqqqqweqweqqqqqqqqqqqqqqqqqqqqqqqqqqqqqqqqqqqqqqqqweqqqqqqqqqqqqqqqqqqqqqqqqqqqqqqqqqqqqqqqqweqqqqqqqqqqqqqqqqqqqqqqqqqqqqqqqqqqqqqqqqweqweqqqqqqqqqqqqqqqqqqqqqqqqqqqqqqqqqqqqqqqqweqqqqqqqqqqqqqqqqqqqqqqqqqqqqqqqqqqqqqqqqweqqqqqqqqqqqqqqqqqqqqqqqqqqqqqqqqqqqqqqqqweqweqqqqqqqqqqqqqqqqqqqqqqqqqqqqqqqqqqqqqqqqweqqqqqqqqqqqqqqqqqqqqqqqqqqqqqqqqqqqqqqqqweqqqqqqqqqqqqqqqqqqqqqqqqqqqqqqqqqqqqqqqqweqweqqqqqqqqqqqqqqqqqqqqqqqqqqqqqqqqqqqqqqqqweqqqqqqqqqqqqqqqqqqqqqqqqqqqqqqqqqqqqqqqqweqqqqqqqqqqqqqqqqqqqqqqqqqqqqqqqqqqqqqqqqwe
2022-12-22 09:45:50,965 INFO  [main] secxndary_framework.page.OzByFeedbackPage.checkIfFeedbackMessageIsSent(OzByFeedbackPage.java:38) checkIfFeedbackMessageIsSent: true
]]></system-out>
    <system-err><![CDATA[дек. 22, 2022 9:45:13 AM org.openqa.selenium.os.OsProcess destroy
SEVERE: Unable to kill process Process[pid=3036, exitValue=1]
Starting ChromeDriver 107.0.5304.62 (1eec40d3a5764881c92085aaee66d25075c159aa-refs/branch-heads/5304@{#942}) on port 6014
Only local connections are allowed.
Please see https://chromedriver.chromium.org/security-considerations for suggestions on keeping ChromeDriver safe.
ChromeDriver was started successfully.
дек. 22, 2022 9:45:16 AM org.openqa.selenium.remote.ProtocolHandshake createSession
INFO: Detected dialect: W3C
]]></system-err>
  </testcase>
</testsuite>